{"uid":"10ff6d134102c2d2","name":"test_list_dt_14_470","fullName":"tests.test_checklist.TestPromotionChecklist#test_list_dt_14_470","historyId":"dcedc13a6e961b3c428c8e1327fde842","time":{"start":1737165736807,"stop":1737165748709,"duration":11902},"description":"list_dt is mapped [with source='470']","descriptionHtml":"<p>list_dt is mapped [with source='470']</p>\n","status":"failed","statusMessage":"AssertionError: False is not true","statusTrace":"tests/test_checklist.py:405: in test_list_dt\n    raise e  # Re-raise to ensure the test fails\ntests/test_checklist.py:397: in test_list_dt\n    self.assertTrue(field_actual)\nE   AssertionError: False is not true","flaky":false,"newFailed":false,"newBroken":false,"newPassed":false,"retriesCount":0,"retriesStatusChange":false,"beforeStages":[{"name":"_unittest_setUpClass_fixture_TestPromotionChecklist","time":{"start":1737152742103,"stop":1737152742103,"duration":0},"status":"passed","steps":[],"attachments":[],"parameters":[],"stepsCount":0,"shouldDisplayMessage":false,"attachmentsCount":0,"hasContent":false,"attachmentStep":false}],"testStage":{"description":"list_dt is mapped [with source='470']","status":"failed","statusMessage":"AssertionError: False is not true","statusTrace":"tests/test_checklist.py:405: in test_list_dt\n    raise e  # Re-raise to ensure the test fails\ntests/test_checklist.py:397: in test_list_dt\n    self.assertTrue(field_actual)\nE   AssertionError: False is not true","steps":[{"name":"\nMetadata = PROPERTY - LISTING Failed ‚ùå\n","time":{"start":1737165748628,"stop":1737165748629,"duration":1},"status":"passed","steps":[],"attachments":[],"parameters":[],"stepsCount":0,"shouldDisplayMessage":false,"attachmentsCount":0,"hasContent":false,"attachmentStep":false}],"attachments":[{"uid":"7d12e5d6419bbd43","name":"log","source":"7d12e5d6419bbd43.txt","type":"text/plain","size":360}],"parameters":[],"stepsCount":1,"shouldDisplayMessage":true,"attachmentsCount":1,"hasContent":true,"attachmentStep":false},"afterStages":[{"name":"_unittest_setUpClass_fixture_TestPromotionChecklist::0","time":{"start":1737170581687,"stop":1737170581687,"duration":0},"status":"passed","steps":[],"attachments":[],"parameters":[],"stepsCount":0,"shouldDisplayMessage":false,"attachmentsCount":0,"hasContent":false,"attachmentStep":false}],"labels":[{"name":"tag","value":"@pytest.mark.filterwarnings('ignore::DeprecationWarning')"},{"name":"parentSuite","value":"tests"},{"name":"suite","value":"test_checklist"},{"name":"subSuite","value":"TestPromotionChecklist"},{"name":"host","value":"fv-az692-865"},{"name":"thread","value":"2949-MainThread"},{"name":"framework","value":"pytest"},{"name":"language","value":"cpython3"},{"name":"package","value":"tests.test_checklist"},{"name":"resultFormat","value":"allure2"}],"parameters":[],"links":[],"hidden":false,"retry":false,"extra":{"severity":"normal","retries":[],"categories":[{"name":"Product defects","matchedStatuses":[],"flaky":false}],"tags":["@pytest.mark.filterwarnings('ignore::DeprecationWarning')"]},"source":"10ff6d134102c2d2.json","parameterValues":[]}