{"uid":"1c772329da6d17d8","name":"test_kww_region_13_575","fullName":"tests.test_checklist.TestPromotionChecklist#test_kww_region_13_575","historyId":"0d0f2b6a869c813df281cf46818b61fe","time":{"start":1736174877734,"stop":1736174890242,"duration":12508},"description":"Kww_region has no mapping [with source='575']","descriptionHtml":"<p>Kww_region has no mapping [with source='575']</p>\n","status":"failed","statusMessage":"AssertionError: 'kww_region\\n+\\n[add]\\nValueProvider(json_path=kww_region)\\n[add]\\n[add]\\n[add]' != 'kww_region\\n+\\n[add]\\n[add]\\n[add]\\n[add]'\n  kww_region\n  +\n  [add]\n- ValueProvider(json_path=kww_region)\n  [add]\n  [add]\n  [add]","statusTrace":"tests/test_checklist.py:460: in test_kww_region\n    raise e  # Re-raise to ensure the test fails\ntests/test_checklist.py:452: in test_kww_region\n    self.assertEqual(actual_field, expected_field)\nE   AssertionError: 'kww_region\\n+\\n[add]\\nValueProvider(json_path=kww_region)\\n[add]\\n[add]\\n[add]' != 'kww_region\\n+\\n[add]\\n[add]\\n[add]\\n[add]'\nE     kww_region\nE     +\nE     [add]\nE   - ValueProvider(json_path=kww_region)\nE     [add]\nE     [add]\nE     [add]","flaky":false,"newFailed":false,"newBroken":false,"newPassed":false,"retriesCount":0,"retriesStatusChange":false,"beforeStages":[{"name":"_unittest_setUpClass_fixture_TestPromotionChecklist","time":{"start":1736173355984,"stop":1736173355984,"duration":0},"status":"passed","steps":[],"attachments":[],"parameters":[],"stepsCount":0,"shouldDisplayMessage":false,"attachmentsCount":0,"hasContent":false,"attachmentStep":false}],"testStage":{"description":"Kww_region has no mapping [with source='575']","status":"failed","statusMessage":"AssertionError: 'kww_region\\n+\\n[add]\\nValueProvider(json_path=kww_region)\\n[add]\\n[add]\\n[add]' != 'kww_region\\n+\\n[add]\\n[add]\\n[add]\\n[add]'\n  kww_region\n  +\n  [add]\n- ValueProvider(json_path=kww_region)\n  [add]\n  [add]\n  [add]","statusTrace":"tests/test_checklist.py:460: in test_kww_region\n    raise e  # Re-raise to ensure the test fails\ntests/test_checklist.py:452: in test_kww_region\n    self.assertEqual(actual_field, expected_field)\nE   AssertionError: 'kww_region\\n+\\n[add]\\nValueProvider(json_path=kww_region)\\n[add]\\n[add]\\n[add]' != 'kww_region\\n+\\n[add]\\n[add]\\n[add]\\n[add]'\nE     kww_region\nE     +\nE     [add]\nE   - ValueProvider(json_path=kww_region)\nE     [add]\nE     [add]\nE     [add]","steps":[{"name":"\nMetadata = LISTING - KWLS Failed ‚ùå\n","time":{"start":1736174890163,"stop":1736174890163,"duration":0},"status":"passed","steps":[],"attachments":[],"parameters":[],"stepsCount":0,"shouldDisplayMessage":false,"attachmentsCount":0,"hasContent":false,"attachmentStep":false}],"attachments":[],"parameters":[],"stepsCount":1,"shouldDisplayMessage":true,"attachmentsCount":0,"hasContent":true,"attachmentStep":false},"afterStages":[{"name":"_unittest_setUpClass_fixture_TestPromotionChecklist::0","time":{"start":1736177982732,"stop":1736177982732,"duration":0},"status":"passed","steps":[],"attachments":[],"parameters":[],"stepsCount":0,"shouldDisplayMessage":false,"attachmentsCount":0,"hasContent":false,"attachmentStep":false}],"labels":[{"name":"parentSuite","value":"tests"},{"name":"suite","value":"test_checklist"},{"name":"subSuite","value":"TestPromotionChecklist"},{"name":"host","value":"fv-az847-313"},{"name":"thread","value":"2773-MainThread"},{"name":"framework","value":"pytest"},{"name":"language","value":"cpython3"},{"name":"package","value":"tests.test_checklist"},{"name":"resultFormat","value":"allure2"}],"parameters":[],"links":[],"hidden":false,"retry":false,"extra":{"severity":"normal","retries":[],"categories":[{"name":"Product defects","matchedStatuses":[],"flaky":false}],"tags":[]},"source":"1c772329da6d17d8.json","parameterValues":[]}