{"uid":"20d41e0c543e52ba","name":"test_year_built_00_381","fullName":"tests.test_checklist.TestPromotionChecklist#test_year_built_00_381","historyId":"8f2c1c883445cb798e94aa8ec78ddb11","time":{"start":1739655996305,"stop":1739656028551,"duration":32246},"status":"failed","statusMessage":"AssertionError: False is not true : year_built\n+\n[add]\nValueProvider(json_path=YearBuilt)\n[add]\n[add]\n[add]","statusTrace":"tests/test_checklist.py:632: in test_year_built\n    raise e  # Re-raise to ensure the test fails\ntests/test_checklist.py:627: in test_year_built\n    self.assertTrue(result, actual)\nE   AssertionError: False is not true : year_built\nE   +\nE   [add]\nE   ValueProvider(json_path=YearBuilt)\nE   [add]\nE   [add]\nE   [add]","flaky":false,"newFailed":false,"newBroken":false,"newPassed":false,"retriesCount":0,"retriesStatusChange":false,"beforeStages":[{"name":"_unittest_setUpClass_fixture_TestPromotionChecklist","time":{"start":1739640969994,"stop":1739640969994,"duration":0},"status":"passed","steps":[],"attachments":[],"parameters":[],"shouldDisplayMessage":false,"stepsCount":0,"attachmentsCount":0,"hasContent":false,"attachmentStep":false}],"testStage":{"status":"failed","statusMessage":"AssertionError: False is not true : year_built\n+\n[add]\nValueProvider(json_path=YearBuilt)\n[add]\n[add]\n[add]","statusTrace":"tests/test_checklist.py:632: in test_year_built\n    raise e  # Re-raise to ensure the test fails\ntests/test_checklist.py:627: in test_year_built\n    self.assertTrue(result, actual)\nE   AssertionError: False is not true : year_built\nE   +\nE   [add]\nE   ValueProvider(json_path=YearBuilt)\nE   [add]\nE   [add]\nE   [add]","steps":[{"name":"\nMetadata = PROPERTY Failed ‚ùå \n","time":{"start":1739656008281,"stop":1739656008281,"duration":0},"status":"passed","steps":[],"attachments":[],"parameters":[],"shouldDisplayMessage":false,"stepsCount":0,"attachmentsCount":0,"hasContent":false,"attachmentStep":false},{"name":"Looks like the class PROPERTY - LISTING is not mapped","time":{"start":1739656028488,"stop":1739656028488,"duration":0},"status":"passed","steps":[],"attachments":[],"parameters":[],"shouldDisplayMessage":false,"stepsCount":0,"attachmentsCount":0,"hasContent":false,"attachmentStep":false}],"attachments":[],"parameters":[],"shouldDisplayMessage":true,"stepsCount":2,"attachmentsCount":0,"hasContent":true,"attachmentStep":false},"afterStages":[{"name":"_unittest_setUpClass_fixture_TestPromotionChecklist::0","time":{"start":1739657376964,"stop":1739657376964,"duration":0},"status":"passed","steps":[],"attachments":[],"parameters":[],"shouldDisplayMessage":false,"stepsCount":0,"attachmentsCount":0,"hasContent":false,"attachmentStep":false}],"labels":[{"name":"tag","value":"@pytest.mark.filterwarnings('ignore::DeprecationWarning')"},{"name":"parentSuite","value":"tests"},{"name":"suite","value":"test_checklist"},{"name":"subSuite","value":"TestPromotionChecklist"},{"name":"host","value":"fv-az1676-688"},{"name":"thread","value":"3372-MainThread"},{"name":"framework","value":"pytest"},{"name":"language","value":"cpython3"},{"name":"package","value":"tests.test_checklist"},{"name":"resultFormat","value":"allure2"}],"parameters":[],"links":[],"hidden":false,"retry":false,"extra":{"severity":"normal","retries":[],"categories":[{"name":"Product defects","matchedStatuses":[],"flaky":false}],"tags":["@pytest.mark.filterwarnings('ignore::DeprecationWarning')"]},"source":"20d41e0c543e52ba.json","parameterValues":[]}