{"uid":"3034f8216cc78bb4","name":"test_list_address_0_741","fullName":"tests.test_checklist.TestPromotionChecklist#test_list_address_0_741","historyId":"eaa872ba61661c6b1eb8bcc2a2269041","time":{"start":1738867632528,"stop":1738867689408,"duration":56880},"status":"failed","statusMessage":"AssertionError: False is not true","statusTrace":"tests/test_checklist.py:549: in test_list_address\n    raise e  # Re-raise to ensure the test fails\ntests/test_checklist.py:544: in test_list_address\n    self.assertTrue(result)\nE   AssertionError: False is not true","flaky":false,"newFailed":false,"newBroken":false,"newPassed":false,"retriesCount":0,"retriesStatusChange":false,"beforeStages":[{"name":"_unittest_setUpClass_fixture_TestPromotionChecklist","time":{"start":1738867380953,"stop":1738867380953,"duration":0},"status":"passed","steps":[],"attachments":[],"parameters":[],"shouldDisplayMessage":false,"stepsCount":0,"attachmentsCount":0,"hasContent":false,"attachmentStep":false}],"testStage":{"status":"failed","statusMessage":"AssertionError: False is not true","statusTrace":"tests/test_checklist.py:549: in test_list_address\n    raise e  # Re-raise to ensure the test fails\ntests/test_checklist.py:544: in test_list_address\n    self.assertTrue(result)\nE   AssertionError: False is not true","steps":[{"name":"\nMetadata = PROPERTY - A Failed ❌ \n","time":{"start":1738867644010,"stop":1738867644010,"duration":0},"status":"passed","steps":[],"attachments":[],"parameters":[],"shouldDisplayMessage":false,"stepsCount":0,"attachmentsCount":0,"hasContent":false,"attachmentStep":false},{"name":"\nMetadata = PROPERTY - B Failed ❌ \n","time":{"start":1738867651672,"stop":1738867651672,"duration":0},"status":"passed","steps":[],"attachments":[],"parameters":[],"shouldDisplayMessage":false,"stepsCount":0,"attachmentsCount":0,"hasContent":false,"attachmentStep":false},{"name":"\nMetadata = PROPERTY - C Failed ❌ \n","time":{"start":1738867658751,"stop":1738867658751,"duration":0},"status":"passed","steps":[],"attachments":[],"parameters":[],"shouldDisplayMessage":false,"stepsCount":0,"attachmentsCount":0,"hasContent":false,"attachmentStep":false},{"name":"\nMetadata = PROPERTY - D Failed ❌ \n","time":{"start":1738867666662,"stop":1738867666662,"duration":0},"status":"passed","steps":[],"attachments":[],"parameters":[],"shouldDisplayMessage":false,"stepsCount":0,"attachmentsCount":0,"hasContent":false,"attachmentStep":false},{"name":"\nMetadata = PROPERTY - E Failed ❌ \n","time":{"start":1738867673481,"stop":1738867673481,"duration":0},"status":"passed","steps":[],"attachments":[],"parameters":[],"shouldDisplayMessage":false,"stepsCount":0,"attachmentsCount":0,"hasContent":false,"attachmentStep":false},{"name":"\nMetadata = PROPERTY - I Failed ❌ \n","time":{"start":1738867681194,"stop":1738867681194,"duration":0},"status":"passed","steps":[],"attachments":[],"parameters":[],"shouldDisplayMessage":false,"stepsCount":0,"attachmentsCount":0,"hasContent":false,"attachmentStep":false},{"name":"\nMetadata = PROPERTY - J Failed ❌ \n","time":{"start":1738867689322,"stop":1738867689322,"duration":0},"status":"passed","steps":[],"attachments":[],"parameters":[],"shouldDisplayMessage":false,"stepsCount":0,"attachmentsCount":0,"hasContent":false,"attachmentStep":false}],"attachments":[{"uid":"91f718a53420020c","name":"log","source":"91f718a53420020c.txt","type":"text/plain","size":360}],"parameters":[],"shouldDisplayMessage":true,"stepsCount":7,"attachmentsCount":1,"hasContent":true,"attachmentStep":false},"afterStages":[{"name":"_unittest_setUpClass_fixture_TestPromotionChecklist::0","time":{"start":1738868231405,"stop":1738868231405,"duration":0},"status":"passed","steps":[],"attachments":[],"parameters":[],"shouldDisplayMessage":false,"stepsCount":0,"attachmentsCount":0,"hasContent":false,"attachmentStep":false}],"labels":[{"name":"tag","value":"@pytest.mark.filterwarnings('ignore::DeprecationWarning')"},{"name":"parentSuite","value":"tests"},{"name":"suite","value":"test_checklist"},{"name":"subSuite","value":"TestPromotionChecklist"},{"name":"host","value":"fv-az1436-826"},{"name":"thread","value":"3345-MainThread"},{"name":"framework","value":"pytest"},{"name":"language","value":"cpython3"},{"name":"package","value":"tests.test_checklist"},{"name":"resultFormat","value":"allure2"}],"parameters":[],"links":[],"hidden":false,"retry":false,"extra":{"severity":"normal","retries":[],"categories":[{"name":"Product defects","matchedStatuses":[],"flaky":false}],"tags":["@pytest.mark.filterwarnings('ignore::DeprecationWarning')"]},"source":"3034f8216cc78bb4.json","parameterValues":[]}