{"uid":"4b89d2231483fe4","name":"test_price_history_06_172","fullName":"tests.test_checklist.TestPromotionChecklist#test_price_history_06_172","historyId":"89e12861f80124b058ddad26d6ab7cb3","time":{"start":1739483021393,"stop":1739483043152,"duration":21759},"status":"failed","statusMessage":"AssertionError: False is not true","statusTrace":"tests/test_checklist.py:492: in test_price_history\n    raise e  # Re-raise to ensure the test fails\ntests/test_checklist.py:487: in test_price_history\n    self.assertTrue(all(actual))\nE   AssertionError: False is not true","flaky":false,"newFailed":false,"newBroken":false,"newPassed":false,"retriesCount":0,"retriesStatusChange":false,"beforeStages":[{"name":"_unittest_setUpClass_fixture_TestPromotionChecklist","time":{"start":1739472694050,"stop":1739472694051,"duration":1},"status":"passed","steps":[],"attachments":[],"parameters":[],"shouldDisplayMessage":false,"stepsCount":0,"attachmentsCount":0,"hasContent":false,"attachmentStep":false}],"testStage":{"status":"failed","statusMessage":"AssertionError: False is not true","statusTrace":"tests/test_checklist.py:492: in test_price_history\n    raise e  # Re-raise to ensure the test fails\ntests/test_checklist.py:487: in test_price_history\n    self.assertTrue(all(actual))\nE   AssertionError: False is not true","steps":[{"name":"\nMetadata = PROPERTY Failed ‚ùå \n","time":{"start":1739483032878,"stop":1739483032878,"duration":0},"status":"passed","steps":[],"attachments":[],"parameters":[],"shouldDisplayMessage":false,"stepsCount":0,"attachmentsCount":0,"hasContent":false,"attachmentStep":false},{"name":"Looks like the class FIELDRULE is not mapped","time":{"start":1739483043089,"stop":1739483043089,"duration":0},"status":"passed","steps":[],"attachments":[],"parameters":[],"shouldDisplayMessage":false,"stepsCount":0,"attachmentsCount":0,"hasContent":false,"attachmentStep":false}],"attachments":[],"parameters":[],"shouldDisplayMessage":true,"stepsCount":2,"attachmentsCount":0,"hasContent":true,"attachmentStep":false},"afterStages":[{"name":"_unittest_setUpClass_fixture_TestPromotionChecklist::0","time":{"start":1739486658252,"stop":1739486658252,"duration":0},"status":"passed","steps":[],"attachments":[],"parameters":[],"shouldDisplayMessage":false,"stepsCount":0,"attachmentsCount":0,"hasContent":false,"attachmentStep":false}],"labels":[{"name":"tag","value":"@pytest.mark.filterwarnings('ignore::DeprecationWarning')"},{"name":"parentSuite","value":"tests"},{"name":"suite","value":"test_checklist"},{"name":"subSuite","value":"TestPromotionChecklist"},{"name":"host","value":"fv-az1912-370"},{"name":"thread","value":"3358-MainThread"},{"name":"framework","value":"pytest"},{"name":"language","value":"cpython3"},{"name":"package","value":"tests.test_checklist"},{"name":"resultFormat","value":"allure2"}],"parameters":[],"links":[],"hidden":false,"retry":false,"extra":{"severity":"normal","retries":[],"categories":[{"name":"Product defects","matchedStatuses":[],"flaky":false}],"tags":["@pytest.mark.filterwarnings('ignore::DeprecationWarning')"]},"source":"4b89d2231483fe4.json","parameterValues":[]}