{"uid":"4dd89dba54097737","name":"test_list_dt_0_80","fullName":"tests.test_checklist.TestPromotionChecklist#test_list_dt_0_80","historyId":"221820eb74e70aecf6f68774f8fd0956","time":{"start":1736080783527,"stop":1736080825791,"duration":42264},"description":"list_dt is mapped [with source='80']","descriptionHtml":"<p>list_dt is mapped [with source='80']</p>\n","status":"failed","statusMessage":"AssertionError: False is not true","statusTrace":"tests/test_checklist.py:384: in test_list_dt\n    raise e  # Re-raise to ensure the test fails\ntests/test_checklist.py:377: in test_list_dt\n    self.assertTrue(field_actual)\nE   AssertionError: False is not true","flaky":false,"newFailed":false,"newBroken":false,"newPassed":false,"retriesCount":0,"retriesStatusChange":false,"beforeStages":[{"name":"_unittest_setUpClass_fixture_TestPromotionChecklist","time":{"start":1736080378081,"stop":1736080378081,"duration":0},"status":"passed","steps":[],"attachments":[],"parameters":[],"stepsCount":0,"shouldDisplayMessage":false,"attachmentsCount":0,"hasContent":false,"attachmentStep":false}],"testStage":{"description":"list_dt is mapped [with source='80']","status":"failed","statusMessage":"AssertionError: False is not true","statusTrace":"tests/test_checklist.py:384: in test_list_dt\n    raise e  # Re-raise to ensure the test fails\ntests/test_checklist.py:377: in test_list_dt\n    self.assertTrue(field_actual)\nE   AssertionError: False is not true","steps":[{"name":"Metadata = PROPERTY Failed ‚ùå","time":{"start":1736080795024,"stop":1736080795024,"duration":0},"status":"passed","steps":[],"attachments":[],"parameters":[],"stepsCount":0,"shouldDisplayMessage":false,"attachmentsCount":0,"hasContent":false,"attachmentStep":false},{"name":"Looks like the class LOOKUP is not mapped","time":{"start":1736080805302,"stop":1736080805302,"duration":0},"status":"passed","steps":[],"attachments":[],"parameters":[],"stepsCount":0,"shouldDisplayMessage":false,"attachmentsCount":0,"hasContent":false,"attachmentStep":false},{"name":"Looks like the class CUSTOMFIELDS is not mapped","time":{"start":1736080815505,"stop":1736080815505,"duration":0},"status":"passed","steps":[],"attachments":[],"parameters":[],"stepsCount":0,"shouldDisplayMessage":false,"attachmentsCount":0,"hasContent":false,"attachmentStep":false},{"name":"Looks like the class ROOM is not mapped","time":{"start":1736080825712,"stop":1736080825712,"duration":0},"status":"passed","steps":[],"attachments":[],"parameters":[],"stepsCount":0,"shouldDisplayMessage":false,"attachmentsCount":0,"hasContent":false,"attachmentStep":false}],"attachments":[],"parameters":[],"stepsCount":4,"shouldDisplayMessage":true,"attachmentsCount":0,"hasContent":true,"attachmentStep":false},"afterStages":[{"name":"_unittest_setUpClass_fixture_TestPromotionChecklist::0","time":{"start":1736080961160,"stop":1736080961160,"duration":0},"status":"passed","steps":[],"attachments":[],"parameters":[],"stepsCount":0,"shouldDisplayMessage":false,"attachmentsCount":0,"hasContent":false,"attachmentStep":false}],"labels":[{"name":"parentSuite","value":"tests"},{"name":"suite","value":"test_checklist"},{"name":"subSuite","value":"TestPromotionChecklist"},{"name":"host","value":"fv-az1118-520"},{"name":"thread","value":"2843-MainThread"},{"name":"framework","value":"pytest"},{"name":"language","value":"cpython3"},{"name":"package","value":"tests.test_checklist"},{"name":"resultFormat","value":"allure2"}],"parameters":[],"links":[],"hidden":false,"retry":false,"extra":{"severity":"normal","retries":[],"categories":[{"name":"Product defects","matchedStatuses":[],"flaky":false}],"tags":[]},"source":"4dd89dba54097737.json","parameterValues":[]}