{"uid":"57f252cde258fbb3","name":"test_year_built_02_302","fullName":"tests.test_checklist.TestPromotionChecklist#test_year_built_02_302","historyId":"d05758547b01984c025849cb786822ff","time":{"start":1739454754509,"stop":1739454787905,"duration":33396},"status":"failed","statusMessage":"AssertionError: False is not true : year_built\n+\n[add]\nValueProvider(json_path=YearBuilt)\n[add]\n[add]\nNullifier()\n[add]","statusTrace":"tests/test_checklist.py:613: in test_year_built\n    raise e  # Re-raise to ensure the test fails\ntests/test_checklist.py:608: in test_year_built\n    self.assertTrue(result, actual)\nE   AssertionError: False is not true : year_built\nE   +\nE   [add]\nE   ValueProvider(json_path=YearBuilt)\nE   [add]\nE   [add]\nE   Nullifier()\nE   [add]","flaky":false,"newFailed":false,"newBroken":false,"newPassed":false,"retriesCount":0,"retriesStatusChange":false,"beforeStages":[{"name":"_unittest_setUpClass_fixture_TestPromotionChecklist","time":{"start":1739435904660,"stop":1739435904661,"duration":1},"status":"passed","steps":[],"attachments":[],"parameters":[],"shouldDisplayMessage":false,"stepsCount":0,"attachmentsCount":0,"hasContent":false,"attachmentStep":false}],"testStage":{"status":"failed","statusMessage":"AssertionError: False is not true : year_built\n+\n[add]\nValueProvider(json_path=YearBuilt)\n[add]\n[add]\nNullifier()\n[add]","statusTrace":"tests/test_checklist.py:613: in test_year_built\n    raise e  # Re-raise to ensure the test fails\ntests/test_checklist.py:608: in test_year_built\n    self.assertTrue(result, actual)\nE   AssertionError: False is not true : year_built\nE   +\nE   [add]\nE   ValueProvider(json_path=YearBuilt)\nE   [add]\nE   [add]\nE   Nullifier()\nE   [add]","steps":[{"name":"\nMetadata = PROPERTY Failed ‚ùå \n","time":{"start":1739454767547,"stop":1739454767547,"duration":0},"status":"passed","steps":[],"attachments":[],"parameters":[],"shouldDisplayMessage":false,"stepsCount":0,"attachmentsCount":0,"hasContent":false,"attachmentStep":false},{"name":"Looks like the class FIELDRULE is not mapped","time":{"start":1739454787824,"stop":1739454787824,"duration":0},"status":"passed","steps":[],"attachments":[],"parameters":[],"shouldDisplayMessage":false,"stepsCount":0,"attachmentsCount":0,"hasContent":false,"attachmentStep":false}],"attachments":[],"parameters":[],"shouldDisplayMessage":true,"stepsCount":2,"attachmentsCount":0,"hasContent":true,"attachmentStep":false},"afterStages":[{"name":"_unittest_setUpClass_fixture_TestPromotionChecklist::0","time":{"start":1739456266650,"stop":1739456266650,"duration":0},"status":"passed","steps":[],"attachments":[],"parameters":[],"shouldDisplayMessage":false,"stepsCount":0,"attachmentsCount":0,"hasContent":false,"attachmentStep":false}],"labels":[{"name":"tag","value":"@pytest.mark.filterwarnings('ignore::DeprecationWarning')"},{"name":"parentSuite","value":"tests"},{"name":"suite","value":"test_checklist"},{"name":"subSuite","value":"TestPromotionChecklist"},{"name":"host","value":"fv-az1372-996"},{"name":"thread","value":"3350-MainThread"},{"name":"framework","value":"pytest"},{"name":"language","value":"cpython3"},{"name":"package","value":"tests.test_checklist"},{"name":"resultFormat","value":"allure2"}],"parameters":[],"links":[],"hidden":false,"retry":false,"extra":{"severity":"normal","retries":[],"categories":[{"name":"Product defects","matchedStatuses":[],"flaky":false}],"tags":["@pytest.mark.filterwarnings('ignore::DeprecationWarning')"]},"source":"57f252cde258fbb3.json","parameterValues":[]}