{"uid":"6b7019c624707ffc","name":"test_kww_region_0_367","fullName":"tests.test_checklist.TestPromotionChecklist#test_kww_region_0_367","historyId":"e0d0232e2caaa00cea96ef74a7541780","time":{"start":1736084079619,"stop":1736084092693,"duration":13074},"description":"Kww_region has no mapping [with source='367']","descriptionHtml":"<p>Kww_region has no mapping [with source='367']</p>\n","status":"failed","statusMessage":"AssertionError: 'kww_[23 chars]\\n[add]\\n[add]\\nSetPredefinedConst(const_path=NullValues.NONE)' != 'kww_[23 chars]\\n[add]\\n[add]'\n  kww_region\n  +\n  [add]\n  [add]\n  [add]\n  [add]\n- SetPredefinedConst(const_path=NullValues.NONE)","statusTrace":"tests/test_checklist.py:446: in test_kww_region\n    raise e  # Re-raise to ensure the test fails\ntests/test_checklist.py:439: in test_kww_region\n    self.assertEqual(actual_field, expected_field)\nE   AssertionError: 'kww_[23 chars]\\n[add]\\n[add]\\nSetPredefinedConst(const_path=NullValues.NONE)' != 'kww_[23 chars]\\n[add]\\n[add]'\nE     kww_region\nE     +\nE     [add]\nE     [add]\nE     [add]\nE     [add]\nE   - SetPredefinedConst(const_path=NullValues.NONE)","flaky":false,"newFailed":false,"newBroken":false,"newPassed":false,"retriesCount":0,"retriesStatusChange":false,"beforeStages":[{"name":"_unittest_setUpClass_fixture_TestPromotionChecklist","time":{"start":1736083209997,"stop":1736083209997,"duration":0},"status":"passed","steps":[],"attachments":[],"parameters":[],"stepsCount":0,"shouldDisplayMessage":false,"attachmentsCount":0,"hasContent":false,"attachmentStep":false}],"testStage":{"description":"Kww_region has no mapping [with source='367']","status":"failed","statusMessage":"AssertionError: 'kww_[23 chars]\\n[add]\\n[add]\\nSetPredefinedConst(const_path=NullValues.NONE)' != 'kww_[23 chars]\\n[add]\\n[add]'\n  kww_region\n  +\n  [add]\n  [add]\n  [add]\n  [add]\n- SetPredefinedConst(const_path=NullValues.NONE)","statusTrace":"tests/test_checklist.py:446: in test_kww_region\n    raise e  # Re-raise to ensure the test fails\ntests/test_checklist.py:439: in test_kww_region\n    self.assertEqual(actual_field, expected_field)\nE   AssertionError: 'kww_[23 chars]\\n[add]\\n[add]\\nSetPredefinedConst(const_path=NullValues.NONE)' != 'kww_[23 chars]\\n[add]\\n[add]'\nE     kww_region\nE     +\nE     [add]\nE     [add]\nE     [add]\nE     [add]\nE   - SetPredefinedConst(const_path=NullValues.NONE)","steps":[{"name":"Metadata = PROPERTY Failed ‚ùå","time":{"start":1736084092607,"stop":1736084092607,"duration":0},"status":"passed","steps":[],"attachments":[],"parameters":[],"stepsCount":0,"shouldDisplayMessage":false,"attachmentsCount":0,"hasContent":false,"attachmentStep":false}],"attachments":[],"parameters":[],"stepsCount":1,"shouldDisplayMessage":true,"attachmentsCount":0,"hasContent":true,"attachmentStep":false},"afterStages":[{"name":"_unittest_setUpClass_fixture_TestPromotionChecklist::0","time":{"start":1736086393822,"stop":1736086393823,"duration":1},"status":"passed","steps":[],"attachments":[],"parameters":[],"stepsCount":0,"shouldDisplayMessage":false,"attachmentsCount":0,"hasContent":false,"attachmentStep":false}],"labels":[{"name":"parentSuite","value":"tests"},{"name":"suite","value":"test_checklist"},{"name":"subSuite","value":"TestPromotionChecklist"},{"name":"host","value":"fv-az979-787"},{"name":"thread","value":"2833-MainThread"},{"name":"framework","value":"pytest"},{"name":"language","value":"cpython3"},{"name":"package","value":"tests.test_checklist"},{"name":"resultFormat","value":"allure2"}],"parameters":[],"links":[],"hidden":false,"retry":false,"extra":{"severity":"normal","retries":[],"categories":[{"name":"Product defects","matchedStatuses":[],"flaky":false}],"tags":[]},"source":"6b7019c624707ffc.json","parameterValues":[]}