{"uid":"98e252a1b29d7f1b","name":"test_year_built_02_148","fullName":"tests.test_checklist.TestPromotionChecklist#test_year_built_02_148","historyId":"0d5b0f503ddb6df8afb716a09abe9688","time":{"start":1739485552394,"stop":1739485563665,"duration":11271},"status":"failed","statusMessage":"AssertionError: False is not true : year_built\n+\n[add]\nValueProvider(json_path=YearBuilt)\n[add]\n[add]\nNullifier()\n[add]","statusTrace":"tests/test_checklist.py:613: in test_year_built\n    raise e  # Re-raise to ensure the test fails\ntests/test_checklist.py:608: in test_year_built\n    self.assertTrue(result, actual)\nE   AssertionError: False is not true : year_built\nE   +\nE   [add]\nE   ValueProvider(json_path=YearBuilt)\nE   [add]\nE   [add]\nE   Nullifier()\nE   [add]","flaky":false,"newFailed":false,"newBroken":false,"newPassed":false,"retriesCount":0,"retriesStatusChange":false,"beforeStages":[{"name":"_unittest_setUpClass_fixture_TestPromotionChecklist","time":{"start":1739472694050,"stop":1739472694051,"duration":1},"status":"passed","steps":[],"attachments":[],"parameters":[],"shouldDisplayMessage":false,"stepsCount":0,"attachmentsCount":0,"hasContent":false,"attachmentStep":false}],"testStage":{"status":"failed","statusMessage":"AssertionError: False is not true : year_built\n+\n[add]\nValueProvider(json_path=YearBuilt)\n[add]\n[add]\nNullifier()\n[add]","statusTrace":"tests/test_checklist.py:613: in test_year_built\n    raise e  # Re-raise to ensure the test fails\ntests/test_checklist.py:608: in test_year_built\n    self.assertTrue(result, actual)\nE   AssertionError: False is not true : year_built\nE   +\nE   [add]\nE   ValueProvider(json_path=YearBuilt)\nE   [add]\nE   [add]\nE   Nullifier()\nE   [add]","steps":[{"name":"\nMetadata = PROPERTY Failed ‚ùå \n","time":{"start":1739485563578,"stop":1739485563578,"duration":0},"status":"passed","steps":[],"attachments":[],"parameters":[],"shouldDisplayMessage":false,"stepsCount":0,"attachmentsCount":0,"hasContent":false,"attachmentStep":false}],"attachments":[],"parameters":[],"shouldDisplayMessage":true,"stepsCount":1,"attachmentsCount":0,"hasContent":true,"attachmentStep":false},"afterStages":[{"name":"_unittest_setUpClass_fixture_TestPromotionChecklist::0","time":{"start":1739486658252,"stop":1739486658252,"duration":0},"status":"passed","steps":[],"attachments":[],"parameters":[],"shouldDisplayMessage":false,"stepsCount":0,"attachmentsCount":0,"hasContent":false,"attachmentStep":false}],"labels":[{"name":"tag","value":"@pytest.mark.filterwarnings('ignore::DeprecationWarning')"},{"name":"parentSuite","value":"tests"},{"name":"suite","value":"test_checklist"},{"name":"subSuite","value":"TestPromotionChecklist"},{"name":"host","value":"fv-az1912-370"},{"name":"thread","value":"3358-MainThread"},{"name":"framework","value":"pytest"},{"name":"language","value":"cpython3"},{"name":"package","value":"tests.test_checklist"},{"name":"resultFormat","value":"allure2"}],"parameters":[],"links":[],"hidden":false,"retry":false,"extra":{"severity":"normal","retries":[],"categories":[{"name":"Product defects","matchedStatuses":[],"flaky":false}],"tags":["@pytest.mark.filterwarnings('ignore::DeprecationWarning')"]},"source":"98e252a1b29d7f1b.json","parameterValues":[]}