{"uid":"9aacd9e4064a1d81","name":"test_kww_region_03_367","fullName":"tests.test_checklist.TestPromotionChecklist#test_kww_region_03_367","historyId":"15737437af9f16f1841e647a3de4cc47","time":{"start":1737292503364,"stop":1737292515232,"duration":11868},"description":"Kww_region has no mapping [with source='367']","descriptionHtml":"<p>Kww_region has no mapping [with source='367']</p>\n","status":"failed","statusMessage":"AssertionError: 'kww_[23 chars]\\n[add]\\n[add]\\nSetPredefinedConst(const_path=NullValues.NONE)' != 'kww_[23 chars]\\n[add]\\n[add]'\n  kww_region\n  +\n  [add]\n  [add]\n  [add]\n  [add]\n- SetPredefinedConst(const_path=NullValues.NONE)","statusTrace":"tests/test_checklist.py:472: in test_kww_region\n    raise e  # Re-raise to ensure the test fails\ntests/test_checklist.py:464: in test_kww_region\n    self.assertEqual(actual_field, expected_field)\nE   AssertionError: 'kww_[23 chars]\\n[add]\\n[add]\\nSetPredefinedConst(const_path=NullValues.NONE)' != 'kww_[23 chars]\\n[add]\\n[add]'\nE     kww_region\nE     +\nE     [add]\nE     [add]\nE     [add]\nE     [add]\nE   - SetPredefinedConst(const_path=NullValues.NONE)","flaky":false,"newFailed":false,"newBroken":false,"newPassed":false,"retriesCount":0,"retriesStatusChange":false,"beforeStages":[{"name":"_unittest_setUpClass_fixture_TestPromotionChecklist","time":{"start":1737288341233,"stop":1737288341234,"duration":1},"status":"passed","steps":[],"attachments":[],"parameters":[],"shouldDisplayMessage":false,"stepsCount":0,"attachmentsCount":0,"hasContent":false,"attachmentStep":false}],"testStage":{"description":"Kww_region has no mapping [with source='367']","status":"failed","statusMessage":"AssertionError: 'kww_[23 chars]\\n[add]\\n[add]\\nSetPredefinedConst(const_path=NullValues.NONE)' != 'kww_[23 chars]\\n[add]\\n[add]'\n  kww_region\n  +\n  [add]\n  [add]\n  [add]\n  [add]\n- SetPredefinedConst(const_path=NullValues.NONE)","statusTrace":"tests/test_checklist.py:472: in test_kww_region\n    raise e  # Re-raise to ensure the test fails\ntests/test_checklist.py:464: in test_kww_region\n    self.assertEqual(actual_field, expected_field)\nE   AssertionError: 'kww_[23 chars]\\n[add]\\n[add]\\nSetPredefinedConst(const_path=NullValues.NONE)' != 'kww_[23 chars]\\n[add]\\n[add]'\nE     kww_region\nE     +\nE     [add]\nE     [add]\nE     [add]\nE     [add]\nE   - SetPredefinedConst(const_path=NullValues.NONE)","steps":[{"name":"\nMetadata = PROPERTY Failed ‚ùå\n","time":{"start":1737292515147,"stop":1737292515147,"duration":0},"status":"passed","steps":[],"attachments":[],"parameters":[],"shouldDisplayMessage":false,"stepsCount":0,"attachmentsCount":0,"hasContent":false,"attachmentStep":false}],"attachments":[{"uid":"d02c18142af64c1a","name":"log","source":"d02c18142af64c1a.txt","type":"text/plain","size":360}],"parameters":[],"shouldDisplayMessage":true,"stepsCount":1,"attachmentsCount":1,"hasContent":true,"attachmentStep":false},"afterStages":[{"name":"_unittest_setUpClass_fixture_TestPromotionChecklist::0","time":{"start":1737304750925,"stop":1737304750925,"duration":0},"status":"passed","steps":[],"attachments":[],"parameters":[],"shouldDisplayMessage":false,"stepsCount":0,"attachmentsCount":0,"hasContent":false,"attachmentStep":false}],"labels":[{"name":"tag","value":"@pytest.mark.filterwarnings('ignore::DeprecationWarning')"},{"name":"parentSuite","value":"tests"},{"name":"suite","value":"test_checklist"},{"name":"subSuite","value":"TestPromotionChecklist"},{"name":"host","value":"fv-az1770-722"},{"name":"thread","value":"3340-MainThread"},{"name":"framework","value":"pytest"},{"name":"language","value":"cpython3"},{"name":"package","value":"tests.test_checklist"},{"name":"resultFormat","value":"allure2"}],"parameters":[],"links":[],"hidden":false,"retry":false,"extra":{"severity":"normal","retries":[],"categories":[{"name":"Product defects","matchedStatuses":[],"flaky":false}],"tags":["@pytest.mark.filterwarnings('ignore::DeprecationWarning')"]},"source":"9aacd9e4064a1d81.json","parameterValues":[]}