{"uid":"ae11ba70cc2ff16b","name":"test_kww_region_18_167","fullName":"tests.test_checklist.TestPromotionChecklist#test_kww_region_18_167","historyId":"50769efe2751b05c475e29c131298967","time":{"start":1736413079748,"stop":1736413131471,"duration":51723},"description":"Kww_region has no mapping [with source='167']","descriptionHtml":"<p>Kww_region has no mapping [with source='167']</p>\n","status":"failed","statusMessage":"AssertionError: 'kww_[23 chars]\\n[add]\\n[add]\\nSetPredefinedConst(const_path=NullValues.NONE)' != 'kww_[23 chars]\\n[add]\\n[add]'\n  kww_region\n  +\n  [add]\n  [add]\n  [add]\n  [add]\n- SetPredefinedConst(const_path=NullValues.NONE)","statusTrace":"tests/test_checklist.py:472: in test_kww_region\n    raise e  # Re-raise to ensure the test fails\ntests/test_checklist.py:464: in test_kww_region\n    self.assertEqual(actual_field, expected_field)\nE   AssertionError: 'kww_[23 chars]\\n[add]\\n[add]\\nSetPredefinedConst(const_path=NullValues.NONE)' != 'kww_[23 chars]\\n[add]\\n[add]'\nE     kww_region\nE     +\nE     [add]\nE     [add]\nE     [add]\nE     [add]\nE   - SetPredefinedConst(const_path=NullValues.NONE)","flaky":false,"newFailed":false,"newBroken":false,"newPassed":false,"retriesCount":0,"retriesStatusChange":false,"beforeStages":[{"name":"_unittest_setUpClass_fixture_TestPromotionChecklist","time":{"start":1736408489618,"stop":1736408489618,"duration":0},"status":"passed","steps":[],"attachments":[],"parameters":[],"stepsCount":0,"shouldDisplayMessage":false,"attachmentsCount":0,"hasContent":false,"attachmentStep":false}],"testStage":{"description":"Kww_region has no mapping [with source='167']","status":"failed","statusMessage":"AssertionError: 'kww_[23 chars]\\n[add]\\n[add]\\nSetPredefinedConst(const_path=NullValues.NONE)' != 'kww_[23 chars]\\n[add]\\n[add]'\n  kww_region\n  +\n  [add]\n  [add]\n  [add]\n  [add]\n- SetPredefinedConst(const_path=NullValues.NONE)","statusTrace":"tests/test_checklist.py:472: in test_kww_region\n    raise e  # Re-raise to ensure the test fails\ntests/test_checklist.py:464: in test_kww_region\n    self.assertEqual(actual_field, expected_field)\nE   AssertionError: 'kww_[23 chars]\\n[add]\\n[add]\\nSetPredefinedConst(const_path=NullValues.NONE)' != 'kww_[23 chars]\\n[add]\\n[add]'\nE     kww_region\nE     +\nE     [add]\nE     [add]\nE     [add]\nE     [add]\nE   - SetPredefinedConst(const_path=NullValues.NONE)","steps":[{"name":"\nMetadata = PROPERTY - A Ok ✅\n","time":{"start":1736413091796,"stop":1736413091796,"duration":0},"status":"passed","steps":[],"attachments":[],"parameters":[],"stepsCount":0,"shouldDisplayMessage":false,"attachmentsCount":0,"hasContent":false,"attachmentStep":false},{"name":"\nMetadata = PROPERTY - C Ok ✅\n","time":{"start":1736413099338,"stop":1736413099338,"duration":0},"status":"passed","steps":[],"attachments":[],"parameters":[],"stepsCount":0,"shouldDisplayMessage":false,"attachmentsCount":0,"hasContent":false,"attachmentStep":false},{"name":"\nMetadata = PROPERTY - D Failed ❌\n","time":{"start":1736413106583,"stop":1736413106583,"duration":0},"status":"passed","steps":[],"attachments":[],"parameters":[],"stepsCount":0,"shouldDisplayMessage":false,"attachmentsCount":0,"hasContent":false,"attachmentStep":false},{"name":"Looks like the class ROOM - A is not mapped","time":{"start":1736413116834,"stop":1736413116834,"duration":0},"status":"passed","steps":[],"attachments":[],"parameters":[],"stepsCount":0,"shouldDisplayMessage":false,"attachmentsCount":0,"hasContent":false,"attachmentStep":false},{"name":"\nMetadata = PROPERTY - E Ok ✅\n","time":{"start":1736413124173,"stop":1736413124173,"duration":0},"status":"passed","steps":[],"attachments":[],"parameters":[],"stepsCount":0,"shouldDisplayMessage":false,"attachmentsCount":0,"hasContent":false,"attachmentStep":false},{"name":"\nMetadata = PROPERTY - F Ok ✅\n","time":{"start":1736413131413,"stop":1736413131414,"duration":1},"status":"passed","steps":[],"attachments":[],"parameters":[],"stepsCount":0,"shouldDisplayMessage":false,"attachmentsCount":0,"hasContent":false,"attachmentStep":false}],"attachments":[],"parameters":[],"stepsCount":6,"shouldDisplayMessage":true,"attachmentsCount":0,"hasContent":true,"attachmentStep":false},"afterStages":[{"name":"_unittest_setUpClass_fixture_TestPromotionChecklist::0","time":{"start":1736422496557,"stop":1736422496557,"duration":0},"status":"passed","steps":[],"attachments":[],"parameters":[],"stepsCount":0,"shouldDisplayMessage":false,"attachmentsCount":0,"hasContent":false,"attachmentStep":false}],"labels":[{"name":"tag","value":"@pytest.mark.filterwarnings('ignore::DeprecationWarning')"},{"name":"parentSuite","value":"tests"},{"name":"suite","value":"test_checklist"},{"name":"subSuite","value":"TestPromotionChecklist"},{"name":"host","value":"fv-az1109-725"},{"name":"thread","value":"2761-MainThread"},{"name":"framework","value":"pytest"},{"name":"language","value":"cpython3"},{"name":"package","value":"tests.test_checklist"},{"name":"resultFormat","value":"allure2"}],"parameters":[],"links":[],"hidden":false,"retry":false,"extra":{"severity":"normal","retries":[],"categories":[{"name":"Product defects","matchedStatuses":[],"flaky":false}],"tags":["@pytest.mark.filterwarnings('ignore::DeprecationWarning')"]},"source":"ae11ba70cc2ff16b.json","parameterValues":[]}