{"uid":"c50ad1f42d3cfbc0","name":"test_kww_region_00_367","fullName":"tests.test_checklist.TestPromotionChecklist#test_kww_region_00_367","historyId":"315a9dd960b08399ade31f7f8b6f70cc","time":{"start":1736150751234,"stop":1736150762810,"duration":11576},"description":"Kww_region has no mapping [with source='367']","descriptionHtml":"<p>Kww_region has no mapping [with source='367']</p>\n","status":"failed","statusMessage":"AssertionError: 'kww_[23 chars]\\n[add]\\n[add]\\nSetPredefinedConst(const_path=NullValues.NONE)' != 'kww_[23 chars]\\n[add]\\n[add]'\n  kww_region\n  +\n  [add]\n  [add]\n  [add]\n  [add]\n- SetPredefinedConst(const_path=NullValues.NONE)","statusTrace":"tests/test_checklist.py:460: in test_kww_region\n    raise e  # Re-raise to ensure the test fails\ntests/test_checklist.py:452: in test_kww_region\n    self.assertEqual(actual_field, expected_field)\nE   AssertionError: 'kww_[23 chars]\\n[add]\\n[add]\\nSetPredefinedConst(const_path=NullValues.NONE)' != 'kww_[23 chars]\\n[add]\\n[add]'\nE     kww_region\nE     +\nE     [add]\nE     [add]\nE     [add]\nE     [add]\nE   - SetPredefinedConst(const_path=NullValues.NONE)","flaky":false,"newFailed":false,"newBroken":false,"newPassed":false,"retriesCount":0,"retriesStatusChange":false,"beforeStages":[{"name":"_unittest_setUpClass_fixture_TestPromotionChecklist","time":{"start":1736148408394,"stop":1736148408394,"duration":0},"status":"passed","steps":[],"attachments":[],"parameters":[],"stepsCount":0,"shouldDisplayMessage":false,"attachmentsCount":0,"hasContent":false,"attachmentStep":false}],"testStage":{"description":"Kww_region has no mapping [with source='367']","status":"failed","statusMessage":"AssertionError: 'kww_[23 chars]\\n[add]\\n[add]\\nSetPredefinedConst(const_path=NullValues.NONE)' != 'kww_[23 chars]\\n[add]\\n[add]'\n  kww_region\n  +\n  [add]\n  [add]\n  [add]\n  [add]\n- SetPredefinedConst(const_path=NullValues.NONE)","statusTrace":"tests/test_checklist.py:460: in test_kww_region\n    raise e  # Re-raise to ensure the test fails\ntests/test_checklist.py:452: in test_kww_region\n    self.assertEqual(actual_field, expected_field)\nE   AssertionError: 'kww_[23 chars]\\n[add]\\n[add]\\nSetPredefinedConst(const_path=NullValues.NONE)' != 'kww_[23 chars]\\n[add]\\n[add]'\nE     kww_region\nE     +\nE     [add]\nE     [add]\nE     [add]\nE     [add]\nE   - SetPredefinedConst(const_path=NullValues.NONE)","steps":[{"name":"\nMetadata = PROPERTY Failed ‚ùå\n","time":{"start":1736150762724,"stop":1736150762724,"duration":0},"status":"passed","steps":[],"attachments":[],"parameters":[],"stepsCount":0,"shouldDisplayMessage":false,"attachmentsCount":0,"hasContent":false,"attachmentStep":false}],"attachments":[],"parameters":[],"stepsCount":1,"shouldDisplayMessage":true,"attachmentsCount":0,"hasContent":true,"attachmentStep":false},"afterStages":[{"name":"_unittest_setUpClass_fixture_TestPromotionChecklist::0","time":{"start":1736157878361,"stop":1736157878361,"duration":0},"status":"passed","steps":[],"attachments":[],"parameters":[],"stepsCount":0,"shouldDisplayMessage":false,"attachmentsCount":0,"hasContent":false,"attachmentStep":false}],"labels":[{"name":"parentSuite","value":"tests"},{"name":"suite","value":"test_checklist"},{"name":"subSuite","value":"TestPromotionChecklist"},{"name":"host","value":"fv-az700-619"},{"name":"thread","value":"2798-MainThread"},{"name":"framework","value":"pytest"},{"name":"language","value":"cpython3"},{"name":"package","value":"tests.test_checklist"},{"name":"resultFormat","value":"allure2"}],"parameters":[],"links":[],"hidden":false,"retry":false,"extra":{"severity":"normal","retries":[],"categories":[{"name":"Product defects","matchedStatuses":[],"flaky":false}],"tags":[]},"source":"c50ad1f42d3cfbc0.json","parameterValues":[]}