{"uid":"ce05cff84aeafaab","name":"test_list_address_1_316","fullName":"tests.test_checklist.TestPromotionChecklist#test_list_address_1_316","historyId":"21a1659b0ba9e7db350d796b1626b572","time":{"start":1738847875977,"stop":1738847888678,"duration":12701},"description":"All available elements of list_address.properties.address are included [with source='316']","descriptionHtml":"<p>All available elements of list_address.properties.address are included [with source='316']</p>\n","status":"failed","statusMessage":"AssertionError: False is not true","statusTrace":"tests/test_checklist.py:640: in test_list_address\n    raise e  # Re-raise to ensure the test fails\ntests/test_checklist.py:632: in test_list_address\n    self.assertTrue(result)\nE   AssertionError: False is not true","flaky":false,"newFailed":false,"newBroken":false,"newPassed":false,"retriesCount":0,"retriesStatusChange":false,"beforeStages":[{"name":"_unittest_setUpClass_fixture_TestPromotionChecklist","time":{"start":1738847537629,"stop":1738847537630,"duration":1},"status":"passed","steps":[],"attachments":[],"parameters":[],"shouldDisplayMessage":false,"stepsCount":0,"attachmentsCount":0,"hasContent":false,"attachmentStep":false}],"testStage":{"description":"All available elements of list_address.properties.address are included [with source='316']","status":"failed","statusMessage":"AssertionError: False is not true","statusTrace":"tests/test_checklist.py:640: in test_list_address\n    raise e  # Re-raise to ensure the test fails\ntests/test_checklist.py:632: in test_list_address\n    self.assertTrue(result)\nE   AssertionError: False is not true","steps":[{"name":"\nMetadata = PROPERTY Failed ‚ùå\n","time":{"start":1738847888597,"stop":1738847888597,"duration":0},"status":"passed","steps":[],"attachments":[],"parameters":[],"shouldDisplayMessage":false,"stepsCount":0,"attachmentsCount":0,"hasContent":false,"attachmentStep":false}],"attachments":[{"uid":"a10bd53a72634970","name":"log","source":"a10bd53a72634970.txt","type":"text/plain","size":360}],"parameters":[],"shouldDisplayMessage":true,"stepsCount":1,"attachmentsCount":1,"hasContent":true,"attachmentStep":false},"afterStages":[{"name":"_unittest_setUpClass_fixture_TestPromotionChecklist::0","time":{"start":1738848507491,"stop":1738848507492,"duration":1},"status":"passed","steps":[],"attachments":[],"parameters":[],"shouldDisplayMessage":false,"stepsCount":0,"attachmentsCount":0,"hasContent":false,"attachmentStep":false}],"labels":[{"name":"tag","value":"@pytest.mark.filterwarnings('ignore::DeprecationWarning')"},{"name":"parentSuite","value":"tests"},{"name":"suite","value":"test_checklist"},{"name":"subSuite","value":"TestPromotionChecklist"},{"name":"host","value":"fv-az1910-276"},{"name":"thread","value":"3344-MainThread"},{"name":"framework","value":"pytest"},{"name":"language","value":"cpython3"},{"name":"package","value":"tests.test_checklist"},{"name":"resultFormat","value":"allure2"}],"parameters":[],"links":[],"hidden":false,"retry":false,"extra":{"severity":"normal","retries":[],"categories":[{"name":"Product defects","matchedStatuses":[],"flaky":false}],"tags":["@pytest.mark.filterwarnings('ignore::DeprecationWarning')"]},"source":"ce05cff84aeafaab.json","parameterValues":[]}