{"uid":"d0f20639e3a4983d","name":"test_kww_region_09_608","fullName":"tests.test_checklist.TestPromotionChecklist#test_kww_region_09_608","historyId":"dcfd9a82bd7945cee58a73daa96bd040","time":{"start":1736162463173,"stop":1736162475138,"duration":11965},"description":"Kww_region has no mapping [with source='608']","descriptionHtml":"<p>Kww_region has no mapping [with source='608']</p>\n","status":"failed","statusMessage":"AssertionError: 'kww_region\\n+\\n[add]\\nValueProvider(json_path=kww_region)\\n[add]\\n[add]\\n[add]' != 'kww_region\\n+\\n[add]\\n[add]\\n[add]\\n[add]'\n  kww_region\n  +\n  [add]\n- ValueProvider(json_path=kww_region)\n  [add]\n  [add]\n  [add]","statusTrace":"tests/test_checklist.py:460: in test_kww_region\n    raise e  # Re-raise to ensure the test fails\ntests/test_checklist.py:452: in test_kww_region\n    self.assertEqual(actual_field, expected_field)\nE   AssertionError: 'kww_region\\n+\\n[add]\\nValueProvider(json_path=kww_region)\\n[add]\\n[add]\\n[add]' != 'kww_region\\n+\\n[add]\\n[add]\\n[add]\\n[add]'\nE     kww_region\nE     +\nE     [add]\nE   - ValueProvider(json_path=kww_region)\nE     [add]\nE     [add]\nE     [add]","flaky":false,"newFailed":false,"newBroken":false,"newPassed":false,"retriesCount":0,"retriesStatusChange":false,"beforeStages":[{"name":"_unittest_setUpClass_fixture_TestPromotionChecklist","time":{"start":1736159170040,"stop":1736159170041,"duration":1},"status":"passed","steps":[],"attachments":[],"parameters":[],"stepsCount":0,"shouldDisplayMessage":false,"attachmentsCount":0,"hasContent":false,"attachmentStep":false}],"testStage":{"description":"Kww_region has no mapping [with source='608']","status":"failed","statusMessage":"AssertionError: 'kww_region\\n+\\n[add]\\nValueProvider(json_path=kww_region)\\n[add]\\n[add]\\n[add]' != 'kww_region\\n+\\n[add]\\n[add]\\n[add]\\n[add]'\n  kww_region\n  +\n  [add]\n- ValueProvider(json_path=kww_region)\n  [add]\n  [add]\n  [add]","statusTrace":"tests/test_checklist.py:460: in test_kww_region\n    raise e  # Re-raise to ensure the test fails\ntests/test_checklist.py:452: in test_kww_region\n    self.assertEqual(actual_field, expected_field)\nE   AssertionError: 'kww_region\\n+\\n[add]\\nValueProvider(json_path=kww_region)\\n[add]\\n[add]\\n[add]' != 'kww_region\\n+\\n[add]\\n[add]\\n[add]\\n[add]'\nE     kww_region\nE     +\nE     [add]\nE   - ValueProvider(json_path=kww_region)\nE     [add]\nE     [add]\nE     [add]","steps":[{"name":"\nMetadata = LISTING - KWLS Failed ‚ùå\n","time":{"start":1736162475052,"stop":1736162475052,"duration":0},"status":"passed","steps":[],"attachments":[],"parameters":[],"stepsCount":0,"shouldDisplayMessage":false,"attachmentsCount":0,"hasContent":false,"attachmentStep":false}],"attachments":[],"parameters":[],"stepsCount":1,"shouldDisplayMessage":true,"attachmentsCount":0,"hasContent":true,"attachmentStep":false},"afterStages":[{"name":"_unittest_setUpClass_fixture_TestPromotionChecklist::0","time":{"start":1736170579027,"stop":1736170579027,"duration":0},"status":"passed","steps":[],"attachments":[],"parameters":[],"stepsCount":0,"shouldDisplayMessage":false,"attachmentsCount":0,"hasContent":false,"attachmentStep":false}],"labels":[{"name":"parentSuite","value":"tests"},{"name":"suite","value":"test_checklist"},{"name":"subSuite","value":"TestPromotionChecklist"},{"name":"host","value":"fv-az1542-665"},{"name":"thread","value":"2852-MainThread"},{"name":"framework","value":"pytest"},{"name":"language","value":"cpython3"},{"name":"package","value":"tests.test_checklist"},{"name":"resultFormat","value":"allure2"}],"parameters":[],"links":[],"hidden":false,"retry":false,"extra":{"severity":"normal","retries":[],"categories":[{"name":"Product defects","matchedStatuses":[],"flaky":false}],"tags":[]},"source":"d0f20639e3a4983d.json","parameterValues":[]}